<?xml version="1.0" encoding="UTF-8"?>
<testng-results ignored="0" total="1" passed="1" failed="0" skipped="0">
  <reporter-output>
  </reporter-output>
  <suite started-at="2021-06-12T14:39:49 CEST" name="Default suite" finished-at="2021-06-12T14:39:59 CEST" duration-ms="9953">
    <groups>
    </groups>
    <test started-at="2021-06-12T14:39:49 CEST" name="Default test" finished-at="2021-06-12T14:39:59 CEST" duration-ms="9953">
      <class name="com.eclipsetestNG.ExplicitWait02">
        <test-method is-config="true" signature="setUp()[pri:0, instance:com.eclipsetestNG.ExplicitWait02@7e9131d5]" started-at="2021-06-12T14:39:49 CEST" name="setUp" finished-at="2021-06-12T14:39:50 CEST" duration-ms="1752" status="PASS">
          <reporter-output>
          </reporter-output>
        </test-method> <!-- setUp -->
        <test-method signature="enableButton()[pri:0, instance:com.eclipsetestNG.ExplicitWait02@7e9131d5]" started-at="2021-06-12T14:39:50 CEST" name="enableButton" finished-at="2021-06-12T14:39:59 CEST" duration-ms="8178" status="PASS">
          <reporter-output>
          </reporter-output>
        </test-method> <!-- enableButton -->
        <test-method is-config="true" signature="tearDown()[pri:0, instance:com.eclipsetestNG.ExplicitWait02@7e9131d5]" started-at="2021-06-12T14:39:59 CEST" name="tearDown" finished-at="2021-06-12T14:39:59 CEST" duration-ms="0" status="PASS">
          <reporter-output>
          </reporter-output>
        </test-method> <!-- tearDown -->
      </class> <!-- com.eclipsetestNG.ExplicitWait02 -->
    </test> <!-- Default test -->
  </suite> <!-- Default suite -->
</testng-results>
