<?xml version="1.0" encoding="UTF-8"?>
<testng-results ignored="0" total="1" passed="1" failed="0" skipped="0">
  <reporter-output>
  </reporter-output>
  <suite started-at="2021-06-09T00:05:44 CEST" name="Default suite" finished-at="2021-06-09T00:05:47 CEST" duration-ms="3438">
    <groups>
    </groups>
    <test started-at="2021-06-09T00:05:44 CEST" name="Default test" finished-at="2021-06-09T00:05:47 CEST" duration-ms="3438">
      <class name="com.eclipsetestNG.AmazonTask">
        <test-method signature="amazonTask()[pri:0, instance:com.eclipsetestNG.AmazonTask@671a5887]" started-at="2021-06-09T00:05:44 CEST" name="amazonTask" finished-at="2021-06-09T00:05:47 CEST" duration-ms="3417" status="PASS">
          <reporter-output>
          </reporter-output>
        </test-method> <!-- amazonTask -->
      </class> <!-- com.eclipsetestNG.AmazonTask -->
    </test> <!-- Default test -->
  </suite> <!-- Default suite -->
</testng-results>
